* using log directory 'C:/Users/Nathan/Documents/R/BCEA/BCEA.Rcheck'
* using R version 4.1.1 (2021-08-10)
* using platform: x86_64-w64-mingw32 (64-bit)
* using session charset: ISO8859-1
* using option '--as-cran'
* checking for file 'BCEA/DESCRIPTION' ... OK
* checking extension type ... Package
* this is package 'BCEA' version '2.4.1'
* package encoding: UTF-8
* checking CRAN incoming feasibility ... NOTE
Maintainer: 'Gianluca Baio <gianluca@stats.ucl.ac.uk>'

Suggests or Enhances not in mainstream repositories:
  INLA, ldr
Availability using Additional_repositories specification:
  INLA   yes   https://inla.r-inla-download.org/R/stable/
  ldr     no   ?                                         

Uses the non-portable package: 'R2OpenBUGS'

Found the following (possibly) invalid URLs:
  URL: 
    From: README.md
    Message: Empty URL
  URL: http://www.springer.com/us/book/9783319557168 (moved to https://www.springer.com/us/book/9783319557168)
    From: inst/CITATION
    Status: 200
    Message: OK
  URL: http://www.statistica.it/gianluca (moved to http://www.statistica.it/gianluca/)
    From: DESCRIPTION
    Status: 200
    Message: OK
  URL: http://www.statistica.it/gianluca/BCEA (moved to http://www.statistica.it/gianluca/software/bcea/)
    From: DESCRIPTION
    Status: 200
    Message: OK
  URL: https://travis-ci.com/n8thangreen/BCEA (moved to https://www.travis-ci.com/n8thangreen/BCEA)
    From: README.md
    Status: 404
    Message: Not Found

Size of tarball: 33380323 bytes
* checking package namespace information ... OK
* checking package dependencies ... OK
* checking if this is a source package ... OK
* checking if there is a namespace ... OK
* checking for executable files ... OK
* checking for hidden files and directories ... OK
* checking for portable file names ... OK
* checking whether package 'BCEA' can be installed ... OK
* checking installed package size ... NOTE
  installed size is 14.7Mb
  sub-directories of 1Mb or more:
    doc        10.9Mb
    vignettes   1.0Mb
* checking package directory ... OK
* checking for future file timestamps ... OK
* checking 'build' directory ... OK
* checking DESCRIPTION meta-information ... OK
* checking top-level files ... OK
* checking for left-over files ... OK
* checking index information ... OK
* checking package subdirectories ... OK
* checking R files for non-ASCII characters ... OK
* checking R files for syntax errors ... OK
* checking whether the package can be loaded ... OK
* checking whether the package can be loaded with stated dependencies ... OK
* checking whether the package can be unloaded cleanly ... OK
* checking whether the namespace can be loaded with stated dependencies ... OK
* checking whether the namespace can be unloaded cleanly ... OK
* checking loading without being on the library search path ... OK
* checking use of S3 registration ... OK
* checking dependencies in R code ... OK
* checking S3 generic/method consistency ... OK
* checking replacement functions ... OK
* checking foreign function calls ... OK
* checking R code for possible problems ... OK
* checking Rd files ... OK
* checking Rd metadata ... OK
* checking Rd line widths ... OK
* checking Rd cross-references ... OK
* checking for missing documentation entries ... OK
* checking for code/documentation mismatches ... OK
* checking Rd \usage sections ... OK
* checking Rd contents ... OK
* checking for unstated dependencies in examples ... OK
* checking contents of 'data' directory ... OK
* checking data for non-ASCII characters ... OK
* checking data for ASCII and uncompressed saves ... OK
* checking sizes of PDF files under 'inst/doc' ... NOTE
Unable to find GhostScript executable to run checks on size reduction
* checking installed files from 'inst/doc' ... OK
* checking files in 'vignettes' ... OK
* checking examples ... NOTE
Examples with CPU (user + system) or elapsed time > 5s
       user system elapsed
evppi 20.97   0.97   21.94
* checking examples with --run-donttest ... OK
* checking for unstated dependencies in 'tests' ... OK
* checking tests ... OK
  Running 'testthat.R' [11s]
* checking for unstated dependencies in vignettes ... OK
* checking package vignettes in 'inst/doc' ... OK
* checking re-building of vignette outputs ... OK
* checking PDF version of manual ... OK
* checking for non-standard things in the check directory ... OK
* checking for detritus in the temp directory ... OK
* DONE
Status: 4 NOTEs
